<?xml version="1.0" encoding="UTF-8"?>
<!-- Generated by org.testng.reporters.JUnitReportReporter -->
<testsuite hostname="Debalina" name="test.testMaven" tests="1" failures="0" timestamp="28 Jul 2019 22:06:00 GMT" time="17.012" errors="0">
  <testcase name="loginTest" time="17.012" classname="test.testMaven"/>
</testsuite> <!-- test.testMaven -->
